stdio    D         file_stdio.c:110  file_stdio_fopen                 [   0.00000] opening C:\Users\xshunwei\Downloads\I2P1_Final_project-master\I2P1_Final_project-master\FINAL\allegro5.cfg r
system   D            wsystem.c:874  _al_win_safe_load_library        [   0.00000] PathFindOnPath found: C:\WINDOWS\system32\shcore.dll
system   D            wsystem.c:780  load_library_at_path             [   0.00000] Calling LoadLibrary C:\WINDOWS\system32\shcore.dll
system   I            wsystem.c:783  load_library_at_path             [   0.00000] Loaded C:\WINDOWS\system32\shcore.dll
system   I             system.c:271  al_install_system                [   0.00000] Allegro version: 5.2.7
audio-dsound I           dsound.cpp:271  _dsound_open                     [   0.00065] Starting DirectSound...
audio-dsound D           dsound.cpp:280  _dsound_open                     [   0.04252] DirectSoundCreate8 succeeded
audio-dsound I           dsound.cpp:73   get_window                       [   0.04270] Using desktop window: 0000000000010010
audio    I              audio.c:347  do_install_audio                 [   0.04307] Using DirectSound driver
system   D            wsystem.c:874  _al_win_safe_load_library        [   0.04354] PathFindOnPath found: C:\WINDOWS\system32\d3d9.dll
system   D            wsystem.c:780  load_library_at_path             [   0.04356] Calling LoadLibrary C:\WINDOWS\system32\d3d9.dll
system   I            wsystem.c:783  load_library_at_path             [   0.04680] Loaded C:\WINDOWS\system32\d3d9.dll
d3d      I         d3d_disp.cpp:684  d3d_init_display                 [   0.07818] Render-to-texture: 1
d3d      I         d3d_disp.cpp:1782 d3d_create_display_locked        [   0.07923] faux_fullscreen=0
d3d      D         d3d_disp.cpp:1783 d3d_create_display_locked        [   0.07927] al_display=0000000000f4b350
d3d      D         d3d_disp.cpp:1784 d3d_create_display_locked        [   0.07928] al_display->vt=0000000000f4b1e0
d3d      I d3d_display_formats.cpp:144  _al_d3d_generate_display_format_list [   0.08131] found 64 format combinations
display  D   display_settings.c:212  debug_display_settings           [   0.08135] color: 32 (rgba 8880), depth: 0, stencil: 0, acc: 0000, samples: 0/0
display  D   display_settings.c:527  _al_score_display_settings       [   0.08137] Score is : 897
display  D   display_settings.c:212  debug_display_settings           [   0.08138] color: 32 (rgba 8880), depth: 0, stencil: 0, acc: 0000, samples: 0/0
display  D   display_settings.c:527  _al_score_display_settings       [   0.08140] Score is : 897
display  D   display_settings.c:212  debug_display_settings           [   0.08141] color: 32 (rgba 8880), depth: 24, stencil: 8, acc: 0000, samples: 0/0
display  D   display_settings.c:527  _al_score_display_settings       [   0.08142] Score is : 897
display  D   display_settings.c:212  debug_display_settings           [   0.08144] color: 32 (rgba 8880), depth: 24, stencil: 8, acc: 0000, samples: 0/0
display  D   display_settings.c:527  _al_score_display_settings       [   0.08145] Score is : 897
display  D   display_settings.c:212  debug_display_settings           [   0.08146] color: 32 (rgba 8880), depth: 24, stencil: 0, acc: 0000, samples: 0/0
display  D   display_settings.c:527  _al_score_display_settings       [   0.08149] Score is : 897
display  D   display_settings.c:212  debug_display_settings           [   0.08150] color: 32 (rgba 8880), depth: 24, stencil: 0, acc: 0000, samples: 0/0
display  D   display_settings.c:527  _al_score_display_settings       [   0.08157] Score is : 897
display  D   display_settings.c:212  debug_display_settings           [   0.08158] color: 32 (rgba 8880), depth: 16, stencil: 0, acc: 0000, samples: 0/0
display  D   display_settings.c:527  _al_score_display_settings       [   0.08162] Score is : 897
display  D   display_settings.c:212  debug_display_settings           [   0.08163] color: 32 (rgba 8880), depth: 16, stencil: 0, acc: 0000, samples: 0/0
display  D   display_settings.c:527  _al_score_display_settings       [   0.08165] Score is : 897
display  D   display_settings.c:212  debug_display_settings           [   0.08179] color: 16 (rgba 5650), depth: 0, stencil: 0, acc: 0000, samples: 0/0
display  D   display_settings.c:527  _al_score_display_settings       [   0.08181] Score is : 897
display  D   display_settings.c:212  debug_display_settings           [   0.08182] color: 16 (rgba 5650), depth: 0, stencil: 0, acc: 0000, samples: 0/0
display  D   display_settings.c:527  _al_score_display_settings       [   0.08183] Score is : 897
display  D   display_settings.c:212  debug_display_settings           [   0.08185] color: 16 (rgba 5650), depth: 24, stencil: 8, acc: 0000, samples: 0/0
display  D   display_settings.c:527  _al_score_display_settings       [   0.08186] Score is : 897
display  D   display_settings.c:212  debug_display_settings           [   0.08187] color: 16 (rgba 5650), depth: 24, stencil: 8, acc: 0000, samples: 0/0
display  D   display_settings.c:527  _al_score_display_settings       [   0.08188] Score is : 897
display  D   display_settings.c:212  debug_display_settings           [   0.08190] color: 16 (rgba 5650), depth: 24, stencil: 0, acc: 0000, samples: 0/0
display  D   display_settings.c:527  _al_score_display_settings       [   0.08191] Score is : 897
display  D   display_settings.c:212  debug_display_settings           [   0.08192] color: 16 (rgba 5650), depth: 24, stencil: 0, acc: 0000, samples: 0/0
display  D   display_settings.c:527  _al_score_display_settings       [   0.08193] Score is : 897
display  D   display_settings.c:212  debug_display_settings           [   0.08195] color: 16 (rgba 5650), depth: 16, stencil: 0, acc: 0000, samples: 0/0
display  D   display_settings.c:527  _al_score_display_settings       [   0.08196] Score is : 897
display  D   display_settings.c:212  debug_display_settings           [   0.08197] color: 16 (rgba 5650), depth: 16, stencil: 0, acc: 0000, samples: 0/0
display  D   display_settings.c:527  _al_score_display_settings       [   0.08198] Score is : 897
display  D   display_settings.c:212  debug_display_settings           [   0.08200] color: 32 (rgba 8880), depth: 0, stencil: 0, acc: 0000, samples: 0/0
display  D   display_settings.c:398  _al_score_display_settings       [   0.08201] Single Buffer requirement not met.
display  D   display_settings.c:212  debug_display_settings           [   0.08202] color: 32 (rgba 8880), depth: 0, stencil: 0, acc: 0000, samples: 0/0
display  D   display_settings.c:398  _al_score_display_settings       [   0.08204] Single Buffer requirement not met.
display  D   display_settings.c:212  debug_display_settings           [   0.08205] color: 32 (rgba 8880), depth: 24, stencil: 8, acc: 0000, samples: 0/0
display  D   display_settings.c:398  _al_score_display_settings       [   0.08206] Single Buffer requirement not met.
display  D   display_settings.c:212  debug_display_settings           [   0.08207] color: 32 (rgba 8880), depth: 24, stencil: 8, acc: 0000, samples: 0/0
display  D   display_settings.c:398  _al_score_display_settings       [   0.08209] Single Buffer requirement not met.
display  D   display_settings.c:212  debug_display_settings           [   0.08210] color: 32 (rgba 8880), depth: 24, stencil: 0, acc: 0000, samples: 0/0
display  D   display_settings.c:398  _al_score_display_settings       [   0.08211] Single Buffer requirement not met.
display  D   display_settings.c:212  debug_display_settings           [   0.08213] color: 32 (rgba 8880), depth: 24, stencil: 0, acc: 0000, samples: 0/0
display  D   display_settings.c:398  _al_score_display_settings       [   0.08214] Single Buffer requirement not met.
display  D   display_settings.c:212  debug_display_settings           [   0.08215] color: 32 (rgba 8880), depth: 16, stencil: 0, acc: 0000, samples: 0/0
display  D   display_settings.c:398  _al_score_display_settings       [   0.08217] Single Buffer requirement not met.
display  D   display_settings.c:212  debug_display_settings           [   0.08218] color: 32 (rgba 8880), depth: 16, stencil: 0, acc: 0000, samples: 0/0
display  D   display_settings.c:398  _al_score_display_settings       [   0.08219] Single Buffer requirement not met.
display  D   display_settings.c:212  debug_display_settings           [   0.08221] color: 16 (rgba 5650), depth: 0, stencil: 0, acc: 0000, samples: 0/0
display  D   display_settings.c:398  _al_score_display_settings       [   0.08222] Single Buffer requirement not met.
display  D   display_settings.c:212  debug_display_settings           [   0.08223] color: 16 (rgba 5650), depth: 0, stencil: 0, acc: 0000, samples: 0/0
display  D   display_settings.c:398  _al_score_display_settings       [   0.08224] Single Buffer requirement not met.
display  D   display_settings.c:212  debug_display_settings           [   0.08226] color: 16 (rgba 5650), depth: 24, stencil: 8, acc: 0000, samples: 0/0
display  D   display_settings.c:398  _al_score_display_settings       [   0.08227] Single Buffer requirement not met.
display  D   display_settings.c:212  debug_display_settings           [   0.08228] color: 16 (rgba 5650), depth: 24, stencil: 8, acc: 0000, samples: 0/0
display  D   display_settings.c:398  _al_score_display_settings       [   0.08230] Single Buffer requirement not met.
display  D   display_settings.c:212  debug_display_settings           [   0.08231] color: 16 (rgba 5650), depth: 24, stencil: 0, acc: 0000, samples: 0/0
display  D   display_settings.c:398  _al_score_display_settings       [   0.08232] Single Buffer requirement not met.
display  D   display_settings.c:212  debug_display_settings           [   0.08233] color: 16 (rgba 5650), depth: 24, stencil: 0, acc: 0000, samples: 0/0
display  D   display_settings.c:398  _al_score_display_settings       [   0.08235] Single Buffer requirement not met.
display  D   display_settings.c:212  debug_display_settings           [   0.08236] color: 16 (rgba 5650), depth: 16, stencil: 0, acc: 0000, samples: 0/0
display  D   display_settings.c:398  _al_score_display_settings       [   0.08237] Single Buffer requirement not met.
display  D   display_settings.c:212  debug_display_settings           [   0.08238] color: 16 (rgba 5650), depth: 16, stencil: 0, acc: 0000, samples: 0/0
display  D   display_settings.c:398  _al_score_display_settings       [   0.08240] Single Buffer requirement not met.
display  D   display_settings.c:212  debug_display_settings           [   0.08241] color: 32 (rgba 8880), depth: 0, stencil: 0, acc: 0000, samples: 0/0
display  D   display_settings.c:527  _al_score_display_settings       [   0.08242] Score is : 769
display  D   display_settings.c:212  debug_display_settings           [   0.08244] color: 32 (rgba 8880), depth: 0, stencil: 0, acc: 0000, samples: 0/0
display  D   display_settings.c:527  _al_score_display_settings       [   0.08245] Score is : 769
display  D   display_settings.c:212  debug_display_settings           [   0.08246] color: 32 (rgba 8880), depth: 24, stencil: 8, acc: 0000, samples: 0/0
display  D   display_settings.c:527  _al_score_display_settings       [   0.08248] Score is : 769
display  D   display_settings.c:212  debug_display_settings           [   0.08249] color: 32 (rgba 8880), depth: 24, stencil: 8, acc: 0000, samples: 0/0
display  D   display_settings.c:527  _al_score_display_settings       [   0.08250] Score is : 769
display  D   display_settings.c:212  debug_display_settings           [   0.08251] color: 32 (rgba 8880), depth: 24, stencil: 0, acc: 0000, samples: 0/0
display  D   display_settings.c:527  _al_score_display_settings       [   0.08253] Score is : 769
display  D   display_settings.c:212  debug_display_settings           [   0.08254] color: 32 (rgba 8880), depth: 24, stencil: 0, acc: 0000, samples: 0/0
display  D   display_settings.c:527  _al_score_display_settings       [   0.08255] Score is : 769
display  D   display_settings.c:212  debug_display_settings           [   0.08256] color: 32 (rgba 8880), depth: 16, stencil: 0, acc: 0000, samples: 0/0
display  D   display_settings.c:527  _al_score_display_settings       [   0.08258] Score is : 769
display  D   display_settings.c:212  debug_display_settings           [   0.08259] color: 32 (rgba 8880), depth: 16, stencil: 0, acc: 0000, samples: 0/0
display  D   display_settings.c:527  _al_score_display_settings       [   0.08261] Score is : 769
display  D   display_settings.c:212  debug_display_settings           [   0.08262] color: 16 (rgba 5650), depth: 0, stencil: 0, acc: 0000, samples: 0/0
display  D   display_settings.c:527  _al_score_display_settings       [   0.08263] Score is : 769
display  D   display_settings.c:212  debug_display_settings           [   0.08265] color: 16 (rgba 5650), depth: 0, stencil: 0, acc: 0000, samples: 0/0
display  D   display_settings.c:527  _al_score_display_settings       [   0.08269] Score is : 769
display  D   display_settings.c:212  debug_display_settings           [   0.08270] color: 16 (rgba 5650), depth: 24, stencil: 8, acc: 0000, samples: 0/0
display  D   display_settings.c:527  _al_score_display_settings       [   0.08272] Score is : 769
display  D   display_settings.c:212  debug_display_settings           [   0.08273] color: 16 (rgba 5650), depth: 24, stencil: 8, acc: 0000, samples: 0/0
display  D   display_settings.c:527  _al_score_display_settings       [   0.08275] Score is : 769
display  D   display_settings.c:212  debug_display_settings           [   0.08276] color: 16 (rgba 5650), depth: 24, stencil: 0, acc: 0000, samples: 0/0
display  D   display_settings.c:527  _al_score_display_settings       [   0.08277] Score is : 769
display  D   display_settings.c:212  debug_display_settings           [   0.08278] color: 16 (rgba 5650), depth: 24, stencil: 0, acc: 0000, samples: 0/0
display  D   display_settings.c:527  _al_score_display_settings       [   0.08281] Score is : 769
display  D   display_settings.c:212  debug_display_settings           [   0.08283] color: 16 (rgba 5650), depth: 16, stencil: 0, acc: 0000, samples: 0/0
display  D   display_settings.c:527  _al_score_display_settings       [   0.08286] Score is : 769
display  D   display_settings.c:212  debug_display_settings           [   0.08288] color: 16 (rgba 5650), depth: 16, stencil: 0, acc: 0000, samples: 0/0
display  D   display_settings.c:527  _al_score_display_settings       [   0.08289] Score is : 769
display  D   display_settings.c:212  debug_display_settings           [   0.08290] color: 32 (rgba 8880), depth: 0, stencil: 0, acc: 0000, samples: 0/0
display  D   display_settings.c:398  _al_score_display_settings       [   0.08292] Single Buffer requirement not met.
display  D   display_settings.c:212  debug_display_settings           [   0.08294] color: 32 (rgba 8880), depth: 0, stencil: 0, acc: 0000, samples: 0/0
display  D   display_settings.c:398  _al_score_display_settings       [   0.08296] Single Buffer requirement not met.
display  D   display_settings.c:212  debug_display_settings           [   0.08297] color: 32 (rgba 8880), depth: 24, stencil: 8, acc: 0000, samples: 0/0
display  D   display_settings.c:398  _al_score_display_settings       [   0.08298] Single Buffer requirement not met.
display  D   display_settings.c:212  debug_display_settings           [   0.08300] color: 32 (rgba 8880), depth: 24, stencil: 8, acc: 0000, samples: 0/0
display  D   display_settings.c:398  _al_score_display_settings       [   0.08301] Single Buffer requirement not met.
display  D   display_settings.c:212  debug_display_settings           [   0.08302] color: 32 (rgba 8880), depth: 24, stencil: 0, acc: 0000, samples: 0/0
display  D   display_settings.c:398  _al_score_display_settings       [   0.08304] Single Buffer requirement not met.
display  D   display_settings.c:212  debug_display_settings           [   0.08307] color: 32 (rgba 8880), depth: 24, stencil: 0, acc: 0000, samples: 0/0
display  D   display_settings.c:398  _al_score_display_settings       [   0.08308] Single Buffer requirement not met.
display  D   display_settings.c:212  debug_display_settings           [   0.08310] color: 32 (rgba 8880), depth: 16, stencil: 0, acc: 0000, samples: 0/0
display  D   display_settings.c:398  _al_score_display_settings       [   0.08312] Single Buffer requirement not met.
display  D   display_settings.c:212  debug_display_settings           [   0.08316] color: 32 (rgba 8880), depth: 16, stencil: 0, acc: 0000, samples: 0/0
display  D   display_settings.c:398  _al_score_display_settings       [   0.08321] Single Buffer requirement not met.
display  D   display_settings.c:212  debug_display_settings           [   0.08322] color: 16 (rgba 5650), depth: 0, stencil: 0, acc: 0000, samples: 0/0
display  D   display_settings.c:398  _al_score_display_settings       [   0.08324] Single Buffer requirement not met.
display  D   display_settings.c:212  debug_display_settings           [   0.08326] color: 16 (rgba 5650), depth: 0, stencil: 0, acc: 0000, samples: 0/0
display  D   display_settings.c:398  _al_score_display_settings       [   0.08328] Single Buffer requirement not met.
display  D   display_settings.c:212  debug_display_settings           [   0.08329] color: 16 (rgba 5650), depth: 24, stencil: 8, acc: 0000, samples: 0/0
display  D   display_settings.c:398  _al_score_display_settings       [   0.08331] Single Buffer requirement not met.
display  D   display_settings.c:212  debug_display_settings           [   0.08332] color: 16 (rgba 5650), depth: 24, stencil: 8, acc: 0000, samples: 0/0
display  D   display_settings.c:398  _al_score_display_settings       [   0.08333] Single Buffer requirement not met.
display  D   display_settings.c:212  debug_display_settings           [   0.08336] color: 16 (rgba 5650), depth: 24, stencil: 0, acc: 0000, samples: 0/0
display  D   display_settings.c:398  _al_score_display_settings       [   0.08337] Single Buffer requirement not met.
display  D   display_settings.c:212  debug_display_settings           [   0.08338] color: 16 (rgba 5650), depth: 24, stencil: 0, acc: 0000, samples: 0/0
display  D   display_settings.c:398  _al_score_display_settings       [   0.08340] Single Buffer requirement not met.
display  D   display_settings.c:212  debug_display_settings           [   0.08341] color: 16 (rgba 5650), depth: 16, stencil: 0, acc: 0000, samples: 0/0
display  D   display_settings.c:398  _al_score_display_settings       [   0.08342] Single Buffer requirement not met.
display  D   display_settings.c:212  debug_display_settings           [   0.08343] color: 16 (rgba 5650), depth: 16, stencil: 0, acc: 0000, samples: 0/0
display  D   display_settings.c:398  _al_score_display_settings       [   0.08345] Single Buffer requirement not met.
d3d      D         d3d_disp.cpp:1682 d3d_create_display_internals     [   0.08349] Trying format 0.
d3d      I         d3d_disp.cpp:1358 d3d_display_thread_proc          [   0.08404] Chose a display format: 23
d3d      I         d3d_disp.cpp:1427 d3d_display_thread_proc          [   0.08409] Normal window.
d3d      I         d3d_disp.cpp:791  d3d_create_device                [   0.16821] Using no depth stencil buffer
d3d      D         d3d_disp.cpp:853  d3d_create_device                [   0.21385] BeginScene succeeded in create_device
d3d      D         d3d_disp.cpp:861  d3d_create_device                [   0.21412] Success
d3d      D         d3d_disp.cpp:1705 d3d_create_display_internals     [   0.21424] Resumed after wait.
d3d      I         d3d_disp.cpp:1738 d3d_create_display_internals     [   0.21430] Format 0 succeeded.
d3d      D         d3d_disp.cpp:1769 d3d_create_display_internals     [   0.21435] Returning d3d_display: 0000000000f4b350
d3d      D         d3d_disp.cpp:1794 d3d_create_display_locked        [   0.21443] al_display=0000000000f4b350
d3d      D         d3d_disp.cpp:1795 d3d_create_display_locked        [   0.21444] al_display->vt=0000000000f4b1e0
system   D            wsystem.c:874  _al_win_safe_load_library        [   0.21796] PathFindOnPath found: C:\WINDOWS\system32\d3dx9_43.dll
system   D            wsystem.c:780  load_library_at_path             [   0.21806] Calling LoadLibrary C:\WINDOWS\system32\d3dx9_43.dll
system   I            wsystem.c:783  load_library_at_path             [   0.22020] Loaded C:\WINDOWS\system32\d3dx9_43.dll
d3dx9    I        d3d_d3dx9.cpp:88   _imp_load_d3dx9_module_version   [   0.22061] Module "d3dx9_43.dll" loaded.
stdio    D         file_stdio.c:110  file_stdio_fopen                 [   0.22102] opening assets/font/vac.otf rb
font     D                ttf.c:943  al_load_ttf_font_stretch_f       [   0.22183] Font assets/font/vac.otf loaded with pixel size 0 x 50.
font     D                ttf.c:945  al_load_ttf_font_stretch_f       [   0.22187]     ascent=42.0, descent=-11.0, height=58.0
dtor     D               dtor.c:196  _al_register_destructor          [   0.22193] added dtor for ttf_font 000000000270b620, func 00007ff8837c4c05
audio-dsound D           dsound.cpp:311  _dsound_allocate_voice           [   0.22208] Allocating voice
audio-dsound D           dsound.cpp:370  _dsound_allocate_voice           [   0.22211] Allocated voice
dtor     D               dtor.c:196  _al_register_destructor          [   0.22212] added dtor for voice 000000000270e350, func 00007ff8837d5024
dtor     D               dtor.c:196  _al_register_destructor          [   0.22219] added dtor for mixer 000000000270e490, func 00007ff8837d04dc
audio-dsound D           dsound.cpp:466  _dsound_start_voice              [   0.22221] Starting voice
audio-dsound D           dsound.cpp:494  _dsound_start_voice              [   0.22224] CreateSoundBuffer
audio-dsound D           dsound.cpp:502  _dsound_start_voice              [   0.22805] CreateSoundBuffer succeeded
audio-dsound D           dsound.cpp:508  _dsound_start_voice              [   0.22812] Starting _dsound_update thread
audio-dsound I           dsound.cpp:518  _dsound_start_voice              [   0.22854] Voice started
dtor     D               dtor.c:196  _al_register_destructor          [   0.22862] added dtor for sample_instance 000000000270e9c0, func 00007ff8837c929b
audio    D          kcm_mixer.c:121  _al_rechannel_matrix             [   0.22870] sample matrix:
audio    D          kcm_mixer.c:127  _al_rechannel_matrix             [   0.22872] 
audio    D          kcm_mixer.c:127  _al_rechannel_matrix             [   0.22873] 
dtor     D               dtor.c:196  _al_register_destructor          [   0.22875] added dtor for sample_instance 000000000270eae0, func 00007ff8837c929b
audio    D          kcm_mixer.c:121  _al_rechannel_matrix             [   0.22879] sample matrix:
audio    D          kcm_mixer.c:127  _al_rechannel_matrix             [   0.22881] 
audio    D          kcm_mixer.c:127  _al_rechannel_matrix             [   0.22883] 
dtor     D               dtor.c:196  _al_register_destructor          [   0.22886] added dtor for sample_instance 000000000270ec00, func 00007ff8837c929b
audio    D          kcm_mixer.c:121  _al_rechannel_matrix             [   0.22889] sample matrix:
audio    D          kcm_mixer.c:127  _al_rechannel_matrix             [   0.22892] 
audio    D          kcm_mixer.c:127  _al_rechannel_matrix             [   0.22897] 
dtor     D               dtor.c:196  _al_register_destructor          [   0.22898] added dtor for sample_instance 000000000270ed20, func 00007ff8837c929b
audio    D          kcm_mixer.c:121  _al_rechannel_matrix             [   0.22904] sample matrix:
audio    D          kcm_mixer.c:127  _al_rechannel_matrix             [   0.22905] 
audio    D          kcm_mixer.c:127  _al_rechannel_matrix             [   0.22907] 
dtor     D               dtor.c:196  _al_register_destructor          [   0.22908] added dtor for sample_instance 000000000270f1c0, func 00007ff8837c929b
audio    D          kcm_mixer.c:121  _al_rechannel_matrix             [   0.22917] sample matrix:
audio    D          kcm_mixer.c:127  _al_rechannel_matrix             [   0.22918] 
audio    D          kcm_mixer.c:127  _al_rechannel_matrix             [   0.22919] 
dtor     D               dtor.c:196  _al_register_destructor          [   0.22920] added dtor for sample_instance 00000000027102f0, func 00007ff8837c929b
audio    D          kcm_mixer.c:121  _al_rechannel_matrix             [   0.22921] sample matrix:
audio    D          kcm_mixer.c:127  _al_rechannel_matrix             [   0.22940] 
audio    D          kcm_mixer.c:127  _al_rechannel_matrix             [   0.22941] 
dtor     D               dtor.c:196  _al_register_destructor          [   0.22947] added dtor for sample_instance 000000000270e6d0, func 00007ff8837c929b
audio    D          kcm_mixer.c:121  _al_rechannel_matrix             [   0.22974] sample matrix:
audio    D          kcm_mixer.c:127  _al_rechannel_matrix             [   0.22979] 
audio    D          kcm_mixer.c:127  _al_rechannel_matrix             [   0.22985] 
dtor     D               dtor.c:196  _al_register_destructor          [   0.22987] added dtor for sample_instance 000000000270e7f0, func 00007ff8837c929b
audio    D          kcm_mixer.c:121  _al_rechannel_matrix             [   0.22988] sample matrix:
audio    D          kcm_mixer.c:127  _al_rechannel_matrix             [   0.22996] 
audio    D          kcm_mixer.c:127  _al_rechannel_matrix             [   0.22997] 
dtor     D               dtor.c:196  _al_register_destructor          [   0.23003] added dtor for sample_instance 000000000271c540, func 00007ff8837c929b
audio    D          kcm_mixer.c:121  _al_rechannel_matrix             [   0.23005] sample matrix:
audio    D          kcm_mixer.c:127  _al_rechannel_matrix             [   0.23006] 
audio    D          kcm_mixer.c:127  _al_rechannel_matrix             [   0.23012] 
dtor     D               dtor.c:196  _al_register_destructor          [   0.23014] added dtor for sample_instance 000000000271c660, func 00007ff8837c929b
audio    D          kcm_mixer.c:121  _al_rechannel_matrix             [   0.23015] sample matrix:
audio    D          kcm_mixer.c:127  _al_rechannel_matrix             [   0.23016] 
audio    D          kcm_mixer.c:127  _al_rechannel_matrix             [   0.23017] 
dtor     D               dtor.c:196  _al_register_destructor          [   0.23023] added dtor for sample_instance 000000000271c780, func 00007ff8837c929b
audio    D          kcm_mixer.c:121  _al_rechannel_matrix             [   0.23024] sample matrix:
audio    D          kcm_mixer.c:127  _al_rechannel_matrix             [   0.23025] 
audio    D          kcm_mixer.c:127  _al_rechannel_matrix             [   0.23027] 
dtor     D               dtor.c:196  _al_register_destructor          [   0.23028] added dtor for sample_instance 000000000271c8a0, func 00007ff8837c929b
audio    D          kcm_mixer.c:121  _al_rechannel_matrix             [   0.23030] sample matrix:
audio    D          kcm_mixer.c:127  _al_rechannel_matrix             [   0.23031] 
audio    D          kcm_mixer.c:127  _al_rechannel_matrix             [   0.23032] 
dtor     D               dtor.c:196  _al_register_destructor          [   0.23033] added dtor for sample_instance 000000000271c9c0, func 00007ff8837c929b
audio    D          kcm_mixer.c:121  _al_rechannel_matrix             [   0.23034] sample matrix:
audio    D          kcm_mixer.c:127  _al_rechannel_matrix             [   0.23036] 
audio    D          kcm_mixer.c:127  _al_rechannel_matrix             [   0.23037] 
dtor     D               dtor.c:196  _al_register_destructor          [   0.23039] added dtor for sample_instance 000000000271d8b0, func 00007ff8837c929b
audio    D          kcm_mixer.c:121  _al_rechannel_matrix             [   0.23042] sample matrix:
audio    D          kcm_mixer.c:127  _al_rechannel_matrix             [   0.23045] 
audio    D          kcm_mixer.c:127  _al_rechannel_matrix             [   0.23047] 
dtor     D               dtor.c:196  _al_register_destructor          [   0.23048] added dtor for sample_instance 000000000271cd70, func 00007ff8837c929b
audio    D          kcm_mixer.c:121  _al_rechannel_matrix             [   0.23049] sample matrix:
audio    D          kcm_mixer.c:127  _al_rechannel_matrix             [   0.23050] 
audio    D          kcm_mixer.c:127  _al_rechannel_matrix             [   0.23051] 
dtor     D               dtor.c:196  _al_register_destructor          [   0.23052] added dtor for sample_instance 000000000271cfb0, func 00007ff8837c929b
audio    D          kcm_mixer.c:121  _al_rechannel_matrix             [   0.23053] sample matrix:
audio    D          kcm_mixer.c:127  _al_rechannel_matrix             [   0.23054] 
audio    D          kcm_mixer.c:127  _al_rechannel_matrix             [   0.23055] 
dtor     D               dtor.c:196  _al_register_destructor          [   0.23059] added dtor for sample_instance 000000000271d0d0, func 00007ff8837c929b
audio    D          kcm_mixer.c:121  _al_rechannel_matrix             [   0.23060] sample matrix:
audio    D          kcm_mixer.c:127  _al_rechannel_matrix             [   0.23061] 
audio    D          kcm_mixer.c:127  _al_rechannel_matrix             [   0.23063] 
dtor     D               dtor.c:196  _al_register_destructor          [   0.23064] added dtor for sample_instance 000000000271d310, func 00007ff8837c929b
audio    D          kcm_mixer.c:121  _al_rechannel_matrix             [   0.23065] sample matrix:
audio    D          kcm_mixer.c:127  _al_rechannel_matrix             [   0.23066] 
audio    D          kcm_mixer.c:127  _al_rechannel_matrix             [   0.23066] 
dtor     D               dtor.c:196  _al_register_destructor          [   0.23067] added dtor for sample_instance 000000000271cb30, func 00007ff8837c929b
audio    D          kcm_mixer.c:121  _al_rechannel_matrix             [   0.23068] sample matrix:
audio    D          kcm_mixer.c:127  _al_rechannel_matrix             [   0.23069] 
audio    D          kcm_mixer.c:127  _al_rechannel_matrix             [   0.23070] 
dtor     D               dtor.c:196  _al_register_destructor          [   0.23071] added dtor for sample_instance 000000000271ce90, func 00007ff8837c929b
audio    D          kcm_mixer.c:121  _al_rechannel_matrix             [   0.23072] sample matrix:
audio    D          kcm_mixer.c:127  _al_rechannel_matrix             [   0.23073] 
audio    D          kcm_mixer.c:127  _al_rechannel_matrix             [   0.23074] 
dtor     D               dtor.c:196  _al_register_destructor          [   0.23075] added dtor for sample_instance 000000000271d1f0, func 00007ff8837c929b
audio-dsound D           dsound.cpp:528  _dsound_stop_voice               [   0.23076] Stopping voice
audio-dsound D           dsound.cpp:545  _dsound_stop_voice               [   0.23077] Joining thread
audio-dsound D           dsound.cpp:551  _dsound_stop_voice               [   0.75296] Joined thread
audio-dsound D           dsound.cpp:553  _dsound_stop_voice               [   0.75304] Destroying thread
audio-dsound D           dsound.cpp:555  _dsound_stop_voice               [   0.75307] Thread destroyed
audio-dsound D           dsound.cpp:562  _dsound_stop_voice               [   0.75308] Releasing buffer
audio-dsound I           dsound.cpp:566  _dsound_stop_voice               [   0.75310] Voice stopped
audio-dsound D           dsound.cpp:466  _dsound_start_voice              [   0.75312] Starting voice
audio-dsound D           dsound.cpp:494  _dsound_start_voice              [   0.75314] CreateSoundBuffer
audio-dsound D           dsound.cpp:502  _dsound_start_voice              [   0.75338] CreateSoundBuffer succeeded
audio-dsound D           dsound.cpp:508  _dsound_start_voice              [   0.75341] Starting _dsound_update thread
audio-dsound I           dsound.cpp:518  _dsound_start_voice              [   0.75373] Voice started
audio    D          kcm_mixer.c:121  _al_rechannel_matrix             [   0.75377] sample matrix:
audio    D          kcm_mixer.c:127  _al_rechannel_matrix             [   0.75381] 
audio    D          kcm_mixer.c:127  _al_rechannel_matrix             [   0.75382] 
audio    D          kcm_mixer.c:121  _al_rechannel_matrix             [   0.75384] sample matrix:
audio    D          kcm_mixer.c:127  _al_rechannel_matrix             [   0.75393] 
audio    D          kcm_mixer.c:127  _al_rechannel_matrix             [   0.75401] 
dtor     D               dtor.c:196  _al_register_destructor          [   0.75404] added dtor for queue 0000000002720e00, func 00007ff8836cc5dc
dtor     D               dtor.c:196  _al_register_destructor          [   0.76556] added dtor for timer 000000000270ee40, func 00007ff8836dfb3b
stdio    D         file_stdio.c:110  file_stdio_fopen                 [   0.76649] opening assets/image/icon.jpg rb
stdio    D         file_stdio.c:110  file_stdio_fopen                 [   0.76772] opening assets/image/icon.jpg rb
d3d      D         d3d_disp.cpp:1202 real_choose_bitmap_format        [   0.76824] Fake format
d3d      D         d3d_disp.cpp:1202 real_choose_bitmap_format        [   0.76832] Fake format
d3d      D         d3d_disp.cpp:1202 real_choose_bitmap_format        [   0.76837] Fake format
d3d      D         d3d_disp.cpp:1202 real_choose_bitmap_format        [   0.76840] Fake format
d3d      D         d3d_disp.cpp:1202 real_choose_bitmap_format        [   0.76842] Fake format
d3d      D         d3d_disp.cpp:1202 real_choose_bitmap_format        [   0.76846] Fake format
d3d      D         d3d_disp.cpp:1202 real_choose_bitmap_format        [   0.76847] Fake format
d3d      D         d3d_disp.cpp:1202 real_choose_bitmap_format        [   0.76848] Fake format
d3d      D         d3d_disp.cpp:1202 real_choose_bitmap_format        [   0.76850] Fake format
d3d      D         d3d_disp.cpp:1210 real_choose_bitmap_format        [   0.76851] Alpha doesn't match
d3d      D         d3d_disp.cpp:1217 real_choose_bitmap_format        [   0.76853] Adapter format is 23
d3d      D         d3d_disp.cpp:1220 real_choose_bitmap_format        [   0.76858] Found a format
d3d      I         d3d_disp.cpp:2391 d3d_create_bitmap                [   0.76863] Chose bitmap format 9
dtor     D               dtor.c:196  _al_register_destructor          [   0.76937] added dtor for bitmap 000000000272b7d0, func 00007ff8836a1bea
d3d      D         d3d_disp.cpp:1202 real_choose_bitmap_format        [   0.77357] Fake format
d3d      D         d3d_disp.cpp:1202 real_choose_bitmap_format        [   0.77376] Fake format
d3d      D         d3d_disp.cpp:1202 real_choose_bitmap_format        [   0.77384] Fake format
d3d      D         d3d_disp.cpp:1202 real_choose_bitmap_format        [   0.77385] Fake format
d3d      D         d3d_disp.cpp:1202 real_choose_bitmap_format        [   0.77388] Fake format
d3d      D         d3d_disp.cpp:1202 real_choose_bitmap_format        [   0.77393] Fake format
d3d      D         d3d_disp.cpp:1202 real_choose_bitmap_format        [   0.77394] Fake format
d3d      D         d3d_disp.cpp:1202 real_choose_bitmap_format        [   0.77395] Fake format
d3d      D         d3d_disp.cpp:1202 real_choose_bitmap_format        [   0.77397] Fake format
d3d      D         d3d_disp.cpp:1210 real_choose_bitmap_format        [   0.77401] Alpha doesn't match
d3d      D         d3d_disp.cpp:1217 real_choose_bitmap_format        [   0.77404] Adapter format is 23
d3d      D         d3d_disp.cpp:1220 real_choose_bitmap_format        [   0.77410] Found a format
d3d      I         d3d_disp.cpp:2391 d3d_create_bitmap                [   0.77415] Chose bitmap format 9
dtor     D               dtor.c:196  _al_register_destructor          [   0.77437] added dtor for bitmap 000000000270eef0, func 00007ff8836a1bea
d3d      D          d3d_bmp.cpp:539  _al_d3d_sync_bitmap              [   0.78822] _al_d3d_sync_bitmap (system) ref count == 1
d3d      D          d3d_bmp.cpp:545  _al_d3d_sync_bitmap              [   0.78865] _al_d3d_sync_bitmap (video) ref count == 1
dtor     D               dtor.c:227  _al_unregister_destructor        [   0.79286] removed dtor for bitmap 000000000270eef0
d3d      D         d3d_disp.cpp:1202 real_choose_bitmap_format        [   0.79848] Fake format
d3d      D         d3d_disp.cpp:1202 real_choose_bitmap_format        [   0.79853] Fake format
d3d      D         d3d_disp.cpp:1202 real_choose_bitmap_format        [   0.79859] Fake format
d3d      D         d3d_disp.cpp:1202 real_choose_bitmap_format        [   0.79861] Fake format
d3d      D         d3d_disp.cpp:1202 real_choose_bitmap_format        [   0.79862] Fake format
d3d      D         d3d_disp.cpp:1202 real_choose_bitmap_format        [   0.79871] Fake format
d3d      D         d3d_disp.cpp:1202 real_choose_bitmap_format        [   0.79876] Fake format
d3d      D         d3d_disp.cpp:1202 real_choose_bitmap_format        [   0.79880] Fake format
d3d      D         d3d_disp.cpp:1202 real_choose_bitmap_format        [   0.79881] Fake format
d3d      D         d3d_disp.cpp:1210 real_choose_bitmap_format        [   0.79890] Alpha doesn't match
d3d      D         d3d_disp.cpp:1217 real_choose_bitmap_format        [   0.79893] Adapter format is 23
d3d      D         d3d_disp.cpp:1220 real_choose_bitmap_format        [   0.79904] Found a format
d3d      I         d3d_disp.cpp:2391 d3d_create_bitmap                [   0.79906] Chose bitmap format 9
dtor     D               dtor.c:196  _al_register_destructor          [   0.79952] added dtor for bitmap 000000000270eef0, func 00007ff8836a1bea
d3d      D          d3d_bmp.cpp:539  _al_d3d_sync_bitmap              [   0.80350] _al_d3d_sync_bitmap (system) ref count == 1
d3d      D          d3d_bmp.cpp:545  _al_d3d_sync_bitmap              [   0.80367] _al_d3d_sync_bitmap (video) ref count == 1
dtor     D               dtor.c:227  _al_unregister_destructor        [   0.80896] removed dtor for bitmap 000000000270eef0
d3d      D         d3d_disp.cpp:1202 real_choose_bitmap_format        [   0.81281] Fake format
d3d      D         d3d_disp.cpp:1202 real_choose_bitmap_format        [   0.81285] Fake format
d3d      D         d3d_disp.cpp:1202 real_choose_bitmap_format        [   0.81287] Fake format
d3d      D         d3d_disp.cpp:1202 real_choose_bitmap_format        [   0.81288] Fake format
d3d      D         d3d_disp.cpp:1202 real_choose_bitmap_format        [   0.81291] Fake format
d3d      D         d3d_disp.cpp:1202 real_choose_bitmap_format        [   0.81294] Fake format
d3d      D         d3d_disp.cpp:1202 real_choose_bitmap_format        [   0.81300] Fake format
d3d      D         d3d_disp.cpp:1202 real_choose_bitmap_format        [   0.81306] Fake format
d3d      D         d3d_disp.cpp:1202 real_choose_bitmap_format        [   0.81310] Fake format
d3d      D         d3d_disp.cpp:1210 real_choose_bitmap_format        [   0.81312] Alpha doesn't match
d3d      D         d3d_disp.cpp:1217 real_choose_bitmap_format        [   0.81317] Adapter format is 23
d3d      D         d3d_disp.cpp:1220 real_choose_bitmap_format        [   0.81329] Found a format
d3d      I         d3d_disp.cpp:2391 d3d_create_bitmap                [   0.81334] Chose bitmap format 9
font     D                ttf.c:243  alloc_glyph_region               [   0.81362] Glyph 51: 26x37 (28x40)
font     D                ttf.c:287  alloc_glyph_region               [   0.81364] Locking glyph region: 000000000270eef0 0 0 28 40
font     D                ttf.c:167  unlock_current_page              [   0.82262] Unlocking page: 000000000270eef0
font     D                ttf.c:243  alloc_glyph_region               [   0.82285] Glyph 85: 23x29 (24x32)
font     D                ttf.c:287  alloc_glyph_region               [   0.82287] Locking glyph region: 000000000270eef0 28 0 24 32
font     D                ttf.c:167  unlock_current_page              [   0.82291] Unlocking page: 000000000270eef0
font     D                ttf.c:243  alloc_glyph_region               [   0.82298] Glyph 72: 21x24 (24x24)
font     D                ttf.c:287  alloc_glyph_region               [   0.82299] Locking glyph region: 000000000270eef0 52 0 24 24
font     D                ttf.c:167  unlock_current_page              [   0.82301] Unlocking page: 000000000270eef0
font     D                ttf.c:243  alloc_glyph_region               [   0.82309] Glyph 86: 24x24 (24x24)
font     D                ttf.c:287  alloc_glyph_region               [   0.82315] Locking glyph region: 000000000270eef0 76 0 24 24
font     D                ttf.c:167  unlock_current_page              [   0.82318] Unlocking page: 000000000270eef0
font     D                ttf.c:446  cache_glyph                      [   0.82319] Glyph 3 has zero size.
font     D                ttf.c:243  alloc_glyph_region               [   0.82327] Glyph 40: 24x37 (24x40)
font     D                ttf.c:287  alloc_glyph_region               [   0.82330] Locking glyph region: 000000000270eef0 100 0 24 40
font     D                ttf.c:167  unlock_current_page              [   0.82333] Unlocking page: 000000000270eef0
font     D                ttf.c:243  alloc_glyph_region               [   0.82337] Glyph 81: 20x28 (20x28)
font     D                ttf.c:287  alloc_glyph_region               [   0.82338] Locking glyph region: 000000000270eef0 124 0 20 28
font     D                ttf.c:167  unlock_current_page              [   0.82342] Unlocking page: 000000000270eef0
font     D                ttf.c:243  alloc_glyph_region               [   0.82347] Glyph 87: 23x37 (24x40)
font     D                ttf.c:287  alloc_glyph_region               [   0.82349] Locking glyph region: 000000000270eef0 144 0 24 40
font     D                ttf.c:167  unlock_current_page              [   0.82351] Unlocking page: 000000000270eef0
font     D                ttf.c:243  alloc_glyph_region               [   0.82356] Glyph 82: 21x24 (24x24)
font     D                ttf.c:287  alloc_glyph_region               [   0.82358] Locking glyph region: 000000000270eef0 168 0 24 24
font     D                ttf.c:167  unlock_current_page              [   0.82362] Unlocking page: 000000000270eef0
font     D                ttf.c:243  alloc_glyph_region               [   0.82367] Glyph 68: 22x29 (24x32)
font     D                ttf.c:287  alloc_glyph_region               [   0.82368] Locking glyph region: 000000000270eef0 192 0 24 32
font     D                ttf.c:167  unlock_current_page              [   0.82371] Unlocking page: 000000000270eef0
font     D                ttf.c:243  alloc_glyph_region               [   0.82376] Glyph 20: 23x37 (24x40)
font     D                ttf.c:287  alloc_glyph_region               [   0.82377] Locking glyph region: 000000000270eef0 216 0 24 40
font     D                ttf.c:167  unlock_current_page              [   0.82381] Unlocking page: 000000000270eef0
font     D                ttf.c:243  alloc_glyph_region               [   0.82386] Glyph 21: 27x37 (28x40)
font     D                ttf.c:287  alloc_glyph_region               [   0.82387] Locking glyph region: 000000000270eef0 240 0 28 40
font     D                ttf.c:167  unlock_current_page              [   0.82390] Unlocking page: 000000000270eef0
font     D                ttf.c:243  alloc_glyph_region               [   0.82395] Glyph 22: 28x38 (28x40)
font     D                ttf.c:287  alloc_glyph_region               [   0.82398] Locking glyph region: 000000000270eef0 268 0 28 40
font     D                ttf.c:167  unlock_current_page              [   0.82403] Unlocking page: 000000000270eef0
font     D                ttf.c:243  alloc_glyph_region               [   0.82408] Glyph 23: 28x37 (28x40)
font     D                ttf.c:287  alloc_glyph_region               [   0.82409] Locking glyph region: 000000000270eef0 296 0 28 40
font     D                ttf.c:167  unlock_current_page              [   0.82415] Unlocking page: 000000000270eef0
font     D                ttf.c:243  alloc_glyph_region               [   0.82429] Glyph 24: 26x38 (28x40)
font     D                ttf.c:287  alloc_glyph_region               [   0.82430] Locking glyph region: 000000000270eef0 324 0 28 40
font     D                ttf.c:167  unlock_current_page              [   0.82437] Unlocking page: 000000000270eef0
font     D                ttf.c:243  alloc_glyph_region               [   0.82445] Glyph 25: 26x37 (28x40)
font     D                ttf.c:287  alloc_glyph_region               [   0.82446] Locking glyph region: 000000000270eef0 352 0 28 40
font     D                ttf.c:167  unlock_current_page              [   0.82454] Unlocking page: 000000000270eef0
font     D                ttf.c:243  alloc_glyph_region               [   0.82463] Glyph 26: 24x37 (24x40)
font     D                ttf.c:287  alloc_glyph_region               [   0.82467] Locking glyph region: 000000000270eef0 380 0 24 40
font     D                ttf.c:167  unlock_current_page              [   0.82475] Unlocking page: 000000000270eef0
font     D                ttf.c:243  alloc_glyph_region               [   0.82481] Glyph 27: 26x37 (28x40)
font     D                ttf.c:287  alloc_glyph_region               [   0.82485] Locking glyph region: 000000000270eef0 404 0 28 40
font     D                ttf.c:167  unlock_current_page              [   0.82490] Unlocking page: 000000000270eef0
font     D                ttf.c:243  alloc_glyph_region               [   0.82496] Glyph 28: 21x37 (24x40)
font     D                ttf.c:287  alloc_glyph_region               [   0.82498] Locking glyph region: 000000000270eef0 432 0 24 40
font     D                ttf.c:167  unlock_current_page              [   0.82500] Unlocking page: 000000000270eef0
d3d      D          d3d_bmp.cpp:539  _al_d3d_sync_bitmap              [   0.83564] _al_d3d_sync_bitmap (system) ref count == 1
d3d      D          d3d_bmp.cpp:545  _al_d3d_sync_bitmap              [   0.83597] _al_d3d_sync_bitmap (video) ref count == 1
d3d      D          d3d_bmp.cpp:539  _al_d3d_sync_bitmap              [   0.84000] _al_d3d_sync_bitmap (system) ref count == 1
d3d      D          d3d_bmp.cpp:545  _al_d3d_sync_bitmap              [   0.84018] _al_d3d_sync_bitmap (video) ref count == 1
dtor     D               dtor.c:227  _al_unregister_destructor        [   2.35122] removed dtor for ttf_font 000000000270b620
dtor     D               dtor.c:227  _al_unregister_destructor        [   2.35483] removed dtor for sample_instance 000000000271d1f0
stdio    D         file_stdio.c:110  file_stdio_fopen                 [   2.35493] opening assets/image/office.jpg rb
stdio    D         file_stdio.c:110  file_stdio_fopen                 [   2.35567] opening assets/image/office.jpg rb
d3d      D         d3d_disp.cpp:1202 real_choose_bitmap_format        [   2.35600] Fake format
d3d      D         d3d_disp.cpp:1202 real_choose_bitmap_format        [   2.35602] Fake format
d3d      D         d3d_disp.cpp:1202 real_choose_bitmap_format        [   2.35609] Fake format
d3d      D         d3d_disp.cpp:1202 real_choose_bitmap_format        [   2.35611] Fake format
d3d      D         d3d_disp.cpp:1202 real_choose_bitmap_format        [   2.35617] Fake format
d3d      D         d3d_disp.cpp:1202 real_choose_bitmap_format        [   2.35618] Fake format
d3d      D         d3d_disp.cpp:1202 real_choose_bitmap_format        [   2.35620] Fake format
d3d      D         d3d_disp.cpp:1202 real_choose_bitmap_format        [   2.35621] Fake format
d3d      D         d3d_disp.cpp:1202 real_choose_bitmap_format        [   2.35623] Fake format
d3d      D         d3d_disp.cpp:1210 real_choose_bitmap_format        [   2.35624] Alpha doesn't match
d3d      D         d3d_disp.cpp:1217 real_choose_bitmap_format        [   2.35626] Adapter format is 23
d3d      D         d3d_disp.cpp:1220 real_choose_bitmap_format        [   2.35627] Found a format
d3d      I         d3d_disp.cpp:2391 d3d_create_bitmap                [   2.35628] Chose bitmap format 9
dtor     D               dtor.c:196  _al_register_destructor          [   2.35666] added dtor for bitmap 000000000270eef0, func 00007ff8836a1bea
stdio    D         file_stdio.c:110  file_stdio_fopen                 [   2.36614] opening assets/sound/bokuwa.mp3 rb
dtor     D               dtor.c:196  _al_register_destructor          [   3.17224] added dtor for sample 000000000272b230, func 00007ff8837d1a1d
dtor     D               dtor.c:196  _al_register_destructor          [   3.17244] added dtor for sample_instance 000000000271cc50, func 00007ff8837c929b
audio-dsound D           dsound.cpp:528  _dsound_stop_voice               [   3.17247] Stopping voice
audio-dsound D           dsound.cpp:545  _dsound_stop_voice               [   3.17249] Joining thread
audio-dsound D           dsound.cpp:551  _dsound_stop_voice               [   3.17560] Joined thread
audio-dsound D           dsound.cpp:553  _dsound_stop_voice               [   3.17570] Destroying thread
audio-dsound D           dsound.cpp:555  _dsound_stop_voice               [   3.17572] Thread destroyed
audio-dsound D           dsound.cpp:562  _dsound_stop_voice               [   3.17573] Releasing buffer
audio-dsound I           dsound.cpp:566  _dsound_stop_voice               [   3.17575] Voice stopped
audio-dsound D           dsound.cpp:466  _dsound_start_voice              [   3.17576] Starting voice
audio-dsound D           dsound.cpp:494  _dsound_start_voice              [   3.17577] CreateSoundBuffer
audio-dsound D           dsound.cpp:502  _dsound_start_voice              [   3.17590] CreateSoundBuffer succeeded
audio-dsound D           dsound.cpp:508  _dsound_start_voice              [   3.17592] Starting _dsound_update thread
audio-dsound I           dsound.cpp:518  _dsound_start_voice              [   3.17601] Voice started
audio    D          kcm_mixer.c:121  _al_rechannel_matrix             [   3.17603] sample matrix:
audio    D          kcm_mixer.c:127  _al_rechannel_matrix             [   3.17604]  0.707107 0.000000
audio    D          kcm_mixer.c:127  _al_rechannel_matrix             [   3.17607]  0.000000 0.707107
audio    D          kcm_mixer.c:121  _al_rechannel_matrix             [   3.17610] sample matrix:
audio    D          kcm_mixer.c:127  _al_rechannel_matrix             [   3.17611]  0.282843 0.000000
audio    D          kcm_mixer.c:127  _al_rechannel_matrix             [   3.17613]  0.000000 0.282843
dtor     D               dtor.c:196  _al_register_destructor          [   3.17621] added dtor for timer 000000000270a950, func 00007ff8836dfb3b
stdio    D         file_stdio.c:110  file_stdio_fopen                 [   3.17627] opening assets/image/boss_normal.png rb
stdio    D         file_stdio.c:110  file_stdio_fopen                 [   3.17671] opening assets/image/boss_normal.png rb
d3d      D         d3d_disp.cpp:1202 real_choose_bitmap_format        [   3.17690] Fake format
d3d      D         d3d_disp.cpp:1202 real_choose_bitmap_format        [   3.17692] Fake format
d3d      D         d3d_disp.cpp:1202 real_choose_bitmap_format        [   3.17693] Fake format
d3d      D         d3d_disp.cpp:1202 real_choose_bitmap_format        [   3.17694] Fake format
d3d      D         d3d_disp.cpp:1202 real_choose_bitmap_format        [   3.17696] Fake format
d3d      D         d3d_disp.cpp:1202 real_choose_bitmap_format        [   3.17697] Fake format
d3d      D         d3d_disp.cpp:1202 real_choose_bitmap_format        [   3.17698] Fake format
d3d      D         d3d_disp.cpp:1202 real_choose_bitmap_format        [   3.17701] Fake format
d3d      D         d3d_disp.cpp:1202 real_choose_bitmap_format        [   3.17702] Fake format
d3d      D         d3d_disp.cpp:1210 real_choose_bitmap_format        [   3.17703] Alpha doesn't match
d3d      D         d3d_disp.cpp:1217 real_choose_bitmap_format        [   3.17705] Adapter format is 23
d3d      D         d3d_disp.cpp:1220 real_choose_bitmap_format        [   3.17707] Found a format
d3d      I         d3d_disp.cpp:2391 d3d_create_bitmap                [   3.17708] Chose bitmap format 9
dtor     D               dtor.c:196  _al_register_destructor          [   3.17754] added dtor for bitmap 000000000270e190, func 00007ff8836a1bea
stdio    D         file_stdio.c:110  file_stdio_fopen                 [   3.23711] opening assets/image/boss_top.png rb
stdio    D         file_stdio.c:110  file_stdio_fopen                 [   3.23733] opening assets/image/boss_top.png rb
d3d      D         d3d_disp.cpp:1202 real_choose_bitmap_format        [   3.23748] Fake format
d3d      D         d3d_disp.cpp:1202 real_choose_bitmap_format        [   3.23749] Fake format
d3d      D         d3d_disp.cpp:1202 real_choose_bitmap_format        [   3.23750] Fake format
d3d      D         d3d_disp.cpp:1202 real_choose_bitmap_format        [   3.23751] Fake format
d3d      D         d3d_disp.cpp:1202 real_choose_bitmap_format        [   3.23752] Fake format
d3d      D         d3d_disp.cpp:1202 real_choose_bitmap_format        [   3.23753] Fake format
d3d      D         d3d_disp.cpp:1202 real_choose_bitmap_format        [   3.23754] Fake format
d3d      D         d3d_disp.cpp:1202 real_choose_bitmap_format        [   3.23755] Fake format
d3d      D         d3d_disp.cpp:1202 real_choose_bitmap_format        [   3.23756] Fake format
d3d      D         d3d_disp.cpp:1210 real_choose_bitmap_format        [   3.23757] Alpha doesn't match
d3d      D         d3d_disp.cpp:1217 real_choose_bitmap_format        [   3.23758] Adapter format is 23
d3d      D         d3d_disp.cpp:1220 real_choose_bitmap_format        [   3.23759] Found a format
d3d      I         d3d_disp.cpp:2391 d3d_create_bitmap                [   3.23760] Chose bitmap format 9
dtor     D               dtor.c:196  _al_register_destructor          [   3.23774] added dtor for bitmap 000000000270cd10, func 00007ff8836a1bea
stdio    D         file_stdio.c:110  file_stdio_fopen                 [   3.31944] opening assets/image/boss_buttom.png rb
stdio    D         file_stdio.c:110  file_stdio_fopen                 [   3.31995] opening assets/image/boss_buttom.png rb
d3d      D         d3d_disp.cpp:1202 real_choose_bitmap_format        [   3.32014] Fake format
d3d      D         d3d_disp.cpp:1202 real_choose_bitmap_format        [   3.32015] Fake format
d3d      D         d3d_disp.cpp:1202 real_choose_bitmap_format        [   3.32016] Fake format
d3d      D         d3d_disp.cpp:1202 real_choose_bitmap_format        [   3.32017] Fake format
d3d      D         d3d_disp.cpp:1202 real_choose_bitmap_format        [   3.32020] Fake format
d3d      D         d3d_disp.cpp:1202 real_choose_bitmap_format        [   3.32023] Fake format
d3d      D         d3d_disp.cpp:1202 real_choose_bitmap_format        [   3.32024] Fake format
d3d      D         d3d_disp.cpp:1202 real_choose_bitmap_format        [   3.32024] Fake format
d3d      D         d3d_disp.cpp:1202 real_choose_bitmap_format        [   3.32026] Fake format
d3d      D         d3d_disp.cpp:1210 real_choose_bitmap_format        [   3.32027] Alpha doesn't match
d3d      D         d3d_disp.cpp:1217 real_choose_bitmap_format        [   3.32028] Adapter format is 23
d3d      D         d3d_disp.cpp:1220 real_choose_bitmap_format        [   3.32029] Found a format
d3d      I         d3d_disp.cpp:2391 d3d_create_bitmap                [   3.32030] Chose bitmap format 9
dtor     D               dtor.c:196  _al_register_destructor          [   3.32057] added dtor for bitmap 0000000002720b10, func 00007ff8836a1bea
stdio    D         file_stdio.c:110  file_stdio_fopen                 [   3.41902] opening assets/image/boss_left.png rb
stdio    D         file_stdio.c:110  file_stdio_fopen                 [   3.41980] opening assets/image/boss_left.png rb
d3d      D         d3d_disp.cpp:1202 real_choose_bitmap_format        [   3.41997] Fake format
d3d      D         d3d_disp.cpp:1202 real_choose_bitmap_format        [   3.41999] Fake format
d3d      D         d3d_disp.cpp:1202 real_choose_bitmap_format        [   3.42000] Fake format
d3d      D         d3d_disp.cpp:1202 real_choose_bitmap_format        [   3.42001] Fake format
d3d      D         d3d_disp.cpp:1202 real_choose_bitmap_format        [   3.42001] Fake format
d3d      D         d3d_disp.cpp:1202 real_choose_bitmap_format        [   3.42002] Fake format
d3d      D         d3d_disp.cpp:1202 real_choose_bitmap_format        [   3.42003] Fake format
d3d      D         d3d_disp.cpp:1202 real_choose_bitmap_format        [   3.42004] Fake format
d3d      D         d3d_disp.cpp:1202 real_choose_bitmap_format        [   3.42005] Fake format
d3d      D         d3d_disp.cpp:1210 real_choose_bitmap_format        [   3.42006] Alpha doesn't match
d3d      D         d3d_disp.cpp:1217 real_choose_bitmap_format        [   3.42007] Adapter format is 23
d3d      D         d3d_disp.cpp:1220 real_choose_bitmap_format        [   3.42008] Found a format
d3d      I         d3d_disp.cpp:2391 d3d_create_bitmap                [   3.42010] Chose bitmap format 9
dtor     D               dtor.c:196  _al_register_destructor          [   3.42041] added dtor for bitmap 000000000270ded0, func 00007ff8836a1bea
stdio    D         file_stdio.c:110  file_stdio_fopen                 [   3.50319] opening assets/image/boss_right.png rb
stdio    D         file_stdio.c:110  file_stdio_fopen                 [   3.50357] opening assets/image/boss_right.png rb
d3d      D         d3d_disp.cpp:1202 real_choose_bitmap_format        [   3.50375] Fake format
d3d      D         d3d_disp.cpp:1202 real_choose_bitmap_format        [   3.50378] Fake format
d3d      D         d3d_disp.cpp:1202 real_choose_bitmap_format        [   3.50379] Fake format
d3d      D         d3d_disp.cpp:1202 real_choose_bitmap_format        [   3.50379] Fake format
d3d      D         d3d_disp.cpp:1202 real_choose_bitmap_format        [   3.50380] Fake format
d3d      D         d3d_disp.cpp:1202 real_choose_bitmap_format        [   3.50381] Fake format
d3d      D         d3d_disp.cpp:1202 real_choose_bitmap_format        [   3.50382] Fake format
d3d      D         d3d_disp.cpp:1202 real_choose_bitmap_format        [   3.50383] Fake format
d3d      D         d3d_disp.cpp:1202 real_choose_bitmap_format        [   3.50384] Fake format
d3d      D         d3d_disp.cpp:1210 real_choose_bitmap_format        [   3.50385] Alpha doesn't match
d3d      D         d3d_disp.cpp:1217 real_choose_bitmap_format        [   3.50386] Adapter format is 23
d3d      D         d3d_disp.cpp:1220 real_choose_bitmap_format        [   3.50387] Found a format
d3d      I         d3d_disp.cpp:2391 d3d_create_bitmap                [   3.50388] Chose bitmap format 9
dtor     D               dtor.c:196  _al_register_destructor          [   3.50432] added dtor for bitmap 0000000009db1090, func 00007ff8836a1bea
stdio    D         file_stdio.c:110  file_stdio_fopen                 [   3.57690] opening assets/image/star.png rb
stdio    D         file_stdio.c:110  file_stdio_fopen                 [   3.57732] opening assets/image/star.png rb
d3d      D         d3d_disp.cpp:1202 real_choose_bitmap_format        [   3.57743] Fake format
d3d      D         d3d_disp.cpp:1202 real_choose_bitmap_format        [   3.57745] Fake format
d3d      D         d3d_disp.cpp:1202 real_choose_bitmap_format        [   3.57746] Fake format
d3d      D         d3d_disp.cpp:1202 real_choose_bitmap_format        [   3.57747] Fake format
d3d      D         d3d_disp.cpp:1202 real_choose_bitmap_format        [   3.57748] Fake format
d3d      D         d3d_disp.cpp:1202 real_choose_bitmap_format        [   3.57749] Fake format
d3d      D         d3d_disp.cpp:1202 real_choose_bitmap_format        [   3.57750] Fake format
d3d      D         d3d_disp.cpp:1202 real_choose_bitmap_format        [   3.57751] Fake format
d3d      D         d3d_disp.cpp:1202 real_choose_bitmap_format        [   3.57752] Fake format
d3d      D         d3d_disp.cpp:1210 real_choose_bitmap_format        [   3.57754] Alpha doesn't match
d3d      D         d3d_disp.cpp:1217 real_choose_bitmap_format        [   3.57757] Adapter format is 23
d3d      D         d3d_disp.cpp:1220 real_choose_bitmap_format        [   3.57759] Found a format
d3d      I         d3d_disp.cpp:2391 d3d_create_bitmap                [   3.57760] Chose bitmap format 9
dtor     D               dtor.c:196  _al_register_destructor          [   3.57791] added dtor for bitmap 000000000270dcb0, func 00007ff8836a1bea
d3d      D          d3d_bmp.cpp:539  _al_d3d_sync_bitmap              [   3.58350] _al_d3d_sync_bitmap (system) ref count == 1
d3d      D          d3d_bmp.cpp:545  _al_d3d_sync_bitmap              [   3.58363] _al_d3d_sync_bitmap (video) ref count == 1
d3d      D          d3d_bmp.cpp:539  _al_d3d_sync_bitmap              [   3.60123] _al_d3d_sync_bitmap (system) ref count == 1
d3d      D          d3d_bmp.cpp:545  _al_d3d_sync_bitmap              [   3.60137] _al_d3d_sync_bitmap (video) ref count == 1
d3d      D          d3d_bmp.cpp:539  _al_d3d_sync_bitmap              [   3.61540] _al_d3d_sync_bitmap (system) ref count == 1
d3d      D          d3d_bmp.cpp:545  _al_d3d_sync_bitmap              [   3.61566] _al_d3d_sync_bitmap (video) ref count == 1
d3d      D          d3d_bmp.cpp:539  _al_d3d_sync_bitmap              [   3.63086] _al_d3d_sync_bitmap (system) ref count == 1
d3d      D          d3d_bmp.cpp:545  _al_d3d_sync_bitmap              [   3.63100] _al_d3d_sync_bitmap (video) ref count == 1
d3d      D          d3d_bmp.cpp:539  _al_d3d_sync_bitmap              [   3.64396] _al_d3d_sync_bitmap (system) ref count == 1
d3d      D          d3d_bmp.cpp:545  _al_d3d_sync_bitmap              [   3.64419] _al_d3d_sync_bitmap (video) ref count == 1
d3d      D          d3d_bmp.cpp:539  _al_d3d_sync_bitmap              [   3.65677] _al_d3d_sync_bitmap (system) ref count == 1
d3d      D          d3d_bmp.cpp:545  _al_d3d_sync_bitmap              [   3.65696] _al_d3d_sync_bitmap (video) ref count == 1
d3d      D          d3d_bmp.cpp:539  _al_d3d_sync_bitmap              [   3.66872] _al_d3d_sync_bitmap (system) ref count == 1
d3d      D          d3d_bmp.cpp:545  _al_d3d_sync_bitmap              [   3.66899] _al_d3d_sync_bitmap (video) ref count == 1
dtor     D               dtor.c:227  _al_unregister_destructor        [ 237.94624] removed dtor for queue 0000000002720e00
d3d      I         d3d_disp.cpp:915  d3d_destroy_display              [ 237.94665] destroying display 0000000000f4b350 (current 0000000000000000)
bitmap   D        bitmap_type.c:308  _al_convert_to_memory_bitmap     [ 237.95414] converting display bitmap 000000000270dcb0 to memory bitmap
dtor     D               dtor.c:196  _al_register_destructor          [ 237.95484] added dtor for bitmap 0000000002720cc0, func 00007ff8836a1bea
d3d      D          d3d_bmp.cpp:539  _al_d3d_sync_bitmap              [ 237.95501] _al_d3d_sync_bitmap (system) ref count == 1
d3d      D          d3d_bmp.cpp:545  _al_d3d_sync_bitmap              [ 237.95506] _al_d3d_sync_bitmap (video) ref count == 1
dtor     D               dtor.c:227  _al_unregister_destructor        [ 237.95908] removed dtor for bitmap 0000000002720cc0
bitmap   D        bitmap_type.c:308  _al_convert_to_memory_bitmap     [ 237.95941] converting display bitmap 0000000009db1090 to memory bitmap
dtor     D               dtor.c:196  _al_register_destructor          [ 237.95957] added dtor for bitmap 0000000002720cc0, func 00007ff8836a1bea
d3d      D          d3d_bmp.cpp:539  _al_d3d_sync_bitmap              [ 237.95964] _al_d3d_sync_bitmap (system) ref count == 1
d3d      D          d3d_bmp.cpp:545  _al_d3d_sync_bitmap              [ 237.95966] _al_d3d_sync_bitmap (video) ref count == 1
dtor     D               dtor.c:227  _al_unregister_destructor        [ 237.97952] removed dtor for bitmap 0000000002720cc0
bitmap   D        bitmap_type.c:308  _al_convert_to_memory_bitmap     [ 237.98186] converting display bitmap 000000000270ded0 to memory bitmap
dtor     D               dtor.c:196  _al_register_destructor          [ 237.98204] added dtor for bitmap 0000000002720cc0, func 00007ff8836a1bea
d3d      D          d3d_bmp.cpp:539  _al_d3d_sync_bitmap              [ 237.98206] _al_d3d_sync_bitmap (system) ref count == 1
d3d      D          d3d_bmp.cpp:545  _al_d3d_sync_bitmap              [ 237.98207] _al_d3d_sync_bitmap (video) ref count == 1
dtor     D               dtor.c:227  _al_unregister_destructor        [ 238.00112] removed dtor for bitmap 0000000002720cc0
bitmap   D        bitmap_type.c:308  _al_convert_to_memory_bitmap     [ 238.00397] converting display bitmap 0000000002720b10 to memory bitmap
dtor     D               dtor.c:196  _al_register_destructor          [ 238.00408] added dtor for bitmap 0000000002720cc0, func 00007ff8836a1bea
d3d      D          d3d_bmp.cpp:539  _al_d3d_sync_bitmap              [ 238.00412] _al_d3d_sync_bitmap (system) ref count == 1
d3d      D          d3d_bmp.cpp:545  _al_d3d_sync_bitmap              [ 238.00413] _al_d3d_sync_bitmap (video) ref count == 1
dtor     D               dtor.c:227  _al_unregister_destructor        [ 238.02178] removed dtor for bitmap 0000000002720cc0
bitmap   D        bitmap_type.c:308  _al_convert_to_memory_bitmap     [ 238.02389] converting display bitmap 000000000270cd10 to memory bitmap
dtor     D               dtor.c:196  _al_register_destructor          [ 238.02394] added dtor for bitmap 0000000002720cc0, func 00007ff8836a1bea
d3d      D          d3d_bmp.cpp:539  _al_d3d_sync_bitmap              [ 238.02396] _al_d3d_sync_bitmap (system) ref count == 1
d3d      D          d3d_bmp.cpp:545  _al_d3d_sync_bitmap              [ 238.02403] _al_d3d_sync_bitmap (video) ref count == 1
dtor     D               dtor.c:227  _al_unregister_destructor        [ 238.04057] removed dtor for bitmap 0000000002720cc0
bitmap   D        bitmap_type.c:308  _al_convert_to_memory_bitmap     [ 238.04251] converting display bitmap 000000000270e190 to memory bitmap
dtor     D               dtor.c:196  _al_register_destructor          [ 238.04258] added dtor for bitmap 0000000002720cc0, func 00007ff8836a1bea
d3d      D          d3d_bmp.cpp:539  _al_d3d_sync_bitmap              [ 238.04260] _al_d3d_sync_bitmap (system) ref count == 1
d3d      D          d3d_bmp.cpp:545  _al_d3d_sync_bitmap              [ 238.04261] _al_d3d_sync_bitmap (video) ref count == 1
dtor     D               dtor.c:227  _al_unregister_destructor        [ 238.05867] removed dtor for bitmap 0000000002720cc0
bitmap   D        bitmap_type.c:308  _al_convert_to_memory_bitmap     [ 238.06276] converting display bitmap 000000000270eef0 to memory bitmap
dtor     D               dtor.c:196  _al_register_destructor          [ 238.06285] added dtor for bitmap 0000000002720cc0, func 00007ff8836a1bea
d3d      D          d3d_bmp.cpp:539  _al_d3d_sync_bitmap              [ 238.06288] _al_d3d_sync_bitmap (system) ref count == 1
d3d      D          d3d_bmp.cpp:545  _al_d3d_sync_bitmap              [ 238.06289] _al_d3d_sync_bitmap (video) ref count == 1
dtor     D               dtor.c:227  _al_unregister_destructor        [ 238.06973] removed dtor for bitmap 0000000002720cc0
bitmap   D        bitmap_type.c:308  _al_convert_to_memory_bitmap     [ 238.07220] converting display bitmap 000000000272b7d0 to memory bitmap
dtor     D               dtor.c:196  _al_register_destructor          [ 238.07235] added dtor for bitmap 0000000002720cc0, func 00007ff8836a1bea
d3d      D          d3d_bmp.cpp:539  _al_d3d_sync_bitmap              [ 238.07240] _al_d3d_sync_bitmap (system) ref count == 1
d3d      D          d3d_bmp.cpp:545  _al_d3d_sync_bitmap              [ 238.07241] _al_d3d_sync_bitmap (video) ref count == 1
dtor     D               dtor.c:227  _al_unregister_destructor        [ 238.07703] removed dtor for bitmap 0000000002720cc0
d3d      D         d3d_disp.cpp:899  d3d_destroy_display_internals    [ 238.07759] waiting for display 0000000000f4b350's thread to end
d3d      W         d3d_disp.cpp:608  d3d_destroy_device               [ 238.19326] d3d_destroy_device: ref count not 0
d3d      W         d3d_disp.cpp:608  d3d_destroy_device               [ 238.19385] d3d_destroy_device: ref count not 0
d3d      I         d3d_disp.cpp:1562 d3d_display_thread_proc          [ 238.22941] d3d display thread exits
dtor     D               dtor.c:227  _al_unregister_destructor        [ 238.23057] removed dtor for bitmap 000000000270eef0
dtor     D               dtor.c:227  _al_unregister_destructor        [ 238.23169] removed dtor for sample 000000000272b230
dtor     D               dtor.c:227  _al_unregister_destructor        [ 238.25450] removed dtor for sample_instance 000000000271cc50
dtor     D               dtor.c:227  _al_unregister_destructor        [ 238.25492] removed dtor for timer 000000000270a950
dtor     D               dtor.c:227  _al_unregister_destructor        [ 238.25508] removed dtor for bitmap 000000000270e190
